Determining if the pthread_create exist failed with the following output:
Change Dir: /home/aniketrs/generic_quad_sim_finale/src/generic_quad_sim/build/CMakeFiles/CMakeTmp

Run Build Command:"/usr/bin/make" "cmTC_3a68b/fast"
/usr/bin/make -f CMakeFiles/cmTC_3a68b.dir/build.make CMakeFiles/cmTC_3a68b.dir/build
make[1]: Entering directory '/home/aniketrs/generic_quad_sim_finale/src/generic_quad_sim/build/CMakeFiles/CMakeTmp'
Building C object CMakeFiles/cmTC_3a68b.dir/CheckSymbolExists.c.o
/usr/bin/cc     -o CMakeFiles/cmTC_3a68b.dir/CheckSymbolExists.c.o   -c /home/aniketrs/generic_quad_sim_finale/src/generic_quad_sim/build/CMakeFiles/CMakeTmp/CheckSymbolExists.c
Linking C executable cmTC_3a68b
/usr/bin/cmake -E cmake_link_script CMakeFiles/cmTC_3a68b.dir/link.txt --verbose=1
/usr/bin/cc       CMakeFiles/cmTC_3a68b.dir/CheckSymbolExists.c.o  -o cmTC_3a68b -rdynamic 
CMakeFiles/cmTC_3a68b.dir/CheckSymbolExists.c.o: In function `main':
CheckSymbolExists.c:(.text+0x16): undefined reference to `pthread_create'
collect2: error: ld returned 1 exit status
CMakeFiles/cmTC_3a68b.dir/build.make:97: recipe for target 'cmTC_3a68b' failed
make[1]: *** [cmTC_3a68b] Error 1
make[1]: Leaving directory '/home/aniketrs/generic_quad_sim_finale/src/generic_quad_sim/build/CMakeFiles/CMakeTmp'
Makefile:126: recipe for target 'cmTC_3a68b/fast' failed
make: *** [cmTC_3a68b/fast] Error 2

File /home/aniketrs/generic_quad_sim_finale/src/generic_quad_sim/build/CMakeFiles/CMakeTmp/CheckSymbolExists.c:
/* */
#include <pthread.h>

int main(int argc, char** argv)
{
  (void)argv;
#ifndef pthread_create
  return ((int*)(&pthread_create))[argc];
#else
  (void)argc;
  return 0;
#endif
}

Determining if the function pthread_create exists in the pthreads failed with the following output:
Change Dir: /home/aniketrs/generic_quad_sim_finale/src/generic_quad_sim/build/CMakeFiles/CMakeTmp

Run Build Command:"/usr/bin/make" "cmTC_b6cbb/fast"
/usr/bin/make -f CMakeFiles/cmTC_b6cbb.dir/build.make CMakeFiles/cmTC_b6cbb.dir/build
make[1]: Entering directory '/home/aniketrs/generic_quad_sim_finale/src/generic_quad_sim/build/CMakeFiles/CMakeTmp'
Building C object CMakeFiles/cmTC_b6cbb.dir/CheckFunctionExists.c.o
/usr/bin/cc    -DCHECK_FUNCTION_EXISTS=pthread_create   -o CMakeFiles/cmTC_b6cbb.dir/CheckFunctionExists.c.o   -c /usr/share/cmake-3.5/Modules/CheckFunctionExists.c
Linking C executable cmTC_b6cbb
/usr/bin/cmake -E cmake_link_script CMakeFiles/cmTC_b6cbb.dir/link.txt --verbose=1
/usr/bin/cc   -DCHECK_FUNCTION_EXISTS=pthread_create    CMakeFiles/cmTC_b6cbb.dir/CheckFunctionExists.c.o  -o cmTC_b6cbb -rdynamic -lpthreads 
/usr/bin/ld: cannot find -lpthreads
collect2: error: ld returned 1 exit status
CMakeFiles/cmTC_b6cbb.dir/build.make:97: recipe for target 'cmTC_b6cbb' failed
make[1]: *** [cmTC_b6cbb] Error 1
make[1]: Leaving directory '/home/aniketrs/generic_quad_sim_finale/src/generic_quad_sim/build/CMakeFiles/CMakeTmp'
Makefile:126: recipe for target 'cmTC_b6cbb/fast' failed
make: *** [cmTC_b6cbb/fast] Error 2


